Using pre-set license
Built from '2020.2/staging' branch; Version is '2020.2.0b13 (655e1a328b90) revision 6643226'; Using compiler version '192528614'; Build Type 'Release'
OS: 'Windows 10  (10.0.0) 64bit' Language: 'zh' Physical Memory: 16234 MB
BatchMode: 1, IsHumanControllingUs: 0, StartBugReporterOnCrash: 0, Is64bit: 1, IsPro: 0

 COMMAND LINE ARGUMENTS:
C:\Program Files\Unity\Hub\Editor\2020.2.0b13\Editor\Unity.exe
-adb2
-batchMode
-noUpm
-name
AssetImportWorker1
-projectPath
E:/Projects/LWRP_Test
-logFile
Logs/AssetImportWorker1.log
-srvPort
7230
Successfully changed project path to: E:/Projects/LWRP_Test
E:/Projects/LWRP_Test
Using Asset Import Pipeline V2.
Refreshing native plugins compatible for Editor in 51.77 ms, found 0 plugins.
Preloading 0 native plugins for Editor in 0.00 ms.
Initialize engine version: 2020.2.0b13 (655e1a328b90)
[Subsystems] Discovering subsystems at path C:/Program Files/Unity/Hub/Editor/2020.2.0b13/Editor/Data/Resources/UnitySubsystems
[Subsystems] Discovering subsystems at path E:/Projects/LWRP_Test/Assets
GfxDevice: creating device client; threaded=0
Direct3D:
    Version:  Direct3D 11.0 [level 11.1]
    Renderer: NVIDIA GeForce GTX 1060 (ID=0x1c20)
    Vendor:   
    VRAM:     6052 MB
    Driver:   26.21.14.4575
Shader 'Universal Render Pipeline/Particles/Lit': fallback shader 'Universal Render Pipeline/Particles/SimpleLit' not found
Initialize mono
Mono path[0] = 'C:/Program Files/Unity/Hub/Editor/2020.2.0b13/Editor/Data/Managed'
Mono path[1] = 'C:/Program Files/Unity/Hub/Editor/2020.2.0b13/Editor/Data/MonoBleedingEdge/lib/mono/unityjit'
Mono config path = 'C:/Program Files/Unity/Hub/Editor/2020.2.0b13/Editor/Data/MonoBleedingEdge/etc'
Using monoOptions --debugger-agent=transport=dt_socket,embedding=1,server=y,suspend=n,address=127.0.0.1:56808
Begin MonoManager ReloadAssembly
Registering precompiled unity dll's ...
Register platform support module: C:/Program Files/Unity/Hub/Editor/2020.2.0b13/Editor/Data/PlaybackEngines/WindowsStandaloneSupport/UnityEditor.WindowsStandalone.Extensions.dll
Registered in 0.007752 seconds.
Native extension for WindowsStandalone target not found
Refreshing native plugins compatible for Editor in 54.16 ms, found 0 plugins.
Preloading 0 native plugins for Editor in 0.00 ms.
Invoked RoslynAnalysisRunner static constructor.
RoslynAnalysisRunner will not be running.
RoslynAnalysisRunner has terminated.
Mono: successfully reloaded assembly
- Completed reload, in  1.940 seconds
Platform modules already initialized, skipping
Registering precompiled user dll's ...
Registered in 0.001476 seconds.
Begin MonoManager ReloadAssembly
Symbol file LoadedFromMemory doesn't match image E:\Projects\LWRP_Test\Library\PackageCache\com.unity.ext.nunit@1.0.0\net35\unity-custom\nunit.framework.dll
Native extension for WindowsStandalone target not found
Refreshing native plugins compatible for Editor in 52.73 ms, found 0 plugins.
Preloading 0 native plugins for Editor in 0.00 ms.
Invoked RoslynAnalysisRunner static constructor.
RoslynAnalysisRunner will not be running.
RoslynAnalysisRunner has terminated.
Mono: successfully reloaded assembly
- Completed reload, in  2.653 seconds
Platform modules already initialized, skipping
========================================================================
Worker process is ready to serve import requests
Shader 'Universal Render Pipeline/Particles/Lit': fallback shader 'Universal Render Pipeline/Particles/SimpleLit' not found
Launched and connected shader compiler UnityShaderCompiler.exe after 0.26 seconds
Refreshing native plugins compatible for Editor in 0.50 ms, found 0 plugins.
Preloading 0 native plugins for Editor in 0.00 ms.
Unloading 2512 Unused Serialized files (Serialized files now loaded: 0)
System memory in use before: 267.9 MB.
System memory in use after: 265.9 MB.

Unloading 13 unused Assets to reduce memory usage. Loaded Objects now: 2969.
Total: 5.469500 ms (FindLiveObjects: 0.260300 ms CreateObjectMapping: 0.123700 ms MarkObjects: 4.489900 ms  DeleteObjects: 0.594300 ms)

========================================================================
Received Import Request.
  path: Assets/UniversalRenderPipelineAsset_Renderer.asset
  artifactKey: Guid(0f8223df770343c4a85f23538d3e93ba) Importer(815301076,1909f56bfc062723c751e8b465ee728b)
Start importing Assets/UniversalRenderPipelineAsset_Renderer.asset using Guid(0f8223df770343c4a85f23538d3e93ba) Importer(815301076,1909f56bfc062723c751e8b465ee728b)  -> (artifact id: '365658cac690976bc75de8c17f096533') in 0.059198 seconds
  Import took 0.062861 seconds .

========================================================================
Received Import Request.
  Time since last request: 3810.313349 seconds.
  path: Packages/com.unity.ide.rider
  artifactKey: Guid(ea5aa18a49e4f29d74984ea0ea11a238) Importer(815301076,1909f56bfc062723c751e8b465ee728b)
Start importing Packages/com.unity.ide.rider using Guid(ea5aa18a49e4f29d74984ea0ea11a238) Importer(815301076,1909f56bfc062723c751e8b465ee728b)  -> (artifact id: 'ffe714e999445b7962a91f0646bb6db1') in 0.008577 seconds
  Import took 0.013209 seconds .

========================================================================
Received Import Request.
  Time since last request: 0.614776 seconds.
  path: Packages/com.unity.ext.nunit
  artifactKey: Guid(25a477c2f24db8778a4179421a32cc21) Importer(815301076,1909f56bfc062723c751e8b465ee728b)
Start importing Packages/com.unity.ext.nunit using Guid(25a477c2f24db8778a4179421a32cc21) Importer(815301076,1909f56bfc062723c751e8b465ee728b)  -> (artifact id: 'e0d961b3c2df16fc944832ca8134dc74') in 0.008097 seconds
  Import took 0.012367 seconds .

========================================================================
Received Import Request.
  Time since last request: 0.999076 seconds.
  path: Packages/com.unity.render-pipelines.core
  artifactKey: Guid(fa2fec639fb8149193707851fce7d38b) Importer(815301076,1909f56bfc062723c751e8b465ee728b)
Start importing Packages/com.unity.render-pipelines.core using Guid(fa2fec639fb8149193707851fce7d38b) Importer(815301076,1909f56bfc062723c751e8b465ee728b)  -> (artifact id: 'f993b0c2fcb644150492c5ed0138beb6') in 0.009267 seconds
  Import took 0.013212 seconds .

========================================================================
Received Import Request.
  Time since last request: 1.651509 seconds.
  path: Packages/com.unity.postprocessing
  artifactKey: Guid(ff33dd3b13e5d4fd46bda47b475045d2) Importer(815301076,1909f56bfc062723c751e8b465ee728b)
Start importing Packages/com.unity.postprocessing using Guid(ff33dd3b13e5d4fd46bda47b475045d2) Importer(815301076,1909f56bfc062723c751e8b465ee728b)  -> (artifact id: '8d25b14022a0c4e0d81d01c9c49ca40a') in 0.009586 seconds
  Import took 0.013421 seconds .

========================================================================
Received Import Request.
  Time since last request: 3.666708 seconds.
  path: Packages/com.unity.render-pipelines.universal
  artifactKey: Guid(87f3e00faee74b02e6227b1c727beb50) Importer(815301076,1909f56bfc062723c751e8b465ee728b)
Start importing Packages/com.unity.render-pipelines.universal using Guid(87f3e00faee74b02e6227b1c727beb50) Importer(815301076,1909f56bfc062723c751e8b465ee728b)  -> (artifact id: 'aeec2403db39947c7b64325a13e59a90') in 0.009301 seconds
  Import took 0.013385 seconds .

========================================================================
Received Import Request.
  Time since last request: 1.469775 seconds.
  path: Packages/com.unity.render-pipelines.universal/Runtime
  artifactKey: Guid(79e8584360be43649ad60cb0f180e904) Importer(815301076,1909f56bfc062723c751e8b465ee728b)
Start importing Packages/com.unity.render-pipelines.universal/Runtime using Guid(79e8584360be43649ad60cb0f180e904) Importer(815301076,1909f56bfc062723c751e8b465ee728b)  -> (artifact id: 'f5090f6038dc47f5c2aa15938e1de36b') in 0.008515 seconds
  Import took 0.012854 seconds .

========================================================================
Received Import Request.
  Time since last request: 2.471549 seconds.
  path: Packages/com.unity.render-pipelines.universal/Runtime/Passes
  artifactKey: Guid(c2a16f045b3148e4f9d0d62614a81a61) Importer(815301076,1909f56bfc062723c751e8b465ee728b)
Start importing Packages/com.unity.render-pipelines.universal/Runtime/Passes using Guid(c2a16f045b3148e4f9d0d62614a81a61) Importer(815301076,1909f56bfc062723c751e8b465ee728b)  -> (artifact id: '3205fdf39d0cd25a1324b352f26b8c03') in 0.010017 seconds
  Import took 0.013885 seconds .

========================================================================
Received Import Request.
  Time since last request: 1.146431 seconds.
  path: Packages/com.unity.render-pipelines.universal/Runtime/RendererFeatures
  artifactKey: Guid(59f4a1dd196fd452b987160cea576038) Importer(815301076,1909f56bfc062723c751e8b465ee728b)
Start importing Packages/com.unity.render-pipelines.universal/Runtime/RendererFeatures using Guid(59f4a1dd196fd452b987160cea576038) Importer(815301076,1909f56bfc062723c751e8b465ee728b)  -> (artifact id: '3593a167b2703812a80a695516872007') in 0.008416 seconds
  Import took 0.011888 seconds .

========================================================================
Received Import Request.
  Time since last request: 2.358786 seconds.
  path: Packages/com.unity.render-pipelines.universal/Runtime/RendererFeatures/ScreenSpaceAmbientOcclusion.cs
  artifactKey: Guid(f62c9c65cf3354c93be831c8bc075510) Importer(815301076,1909f56bfc062723c751e8b465ee728b)
Start importing Packages/com.unity.render-pipelines.universal/Runtime/RendererFeatures/ScreenSpaceAmbientOcclusion.cs using Guid(f62c9c65cf3354c93be831c8bc075510) Importer(815301076,1909f56bfc062723c751e8b465ee728b)  -> (artifact id: '2b02f552f6f317ad39425d7631c1d2b9') in 0.046349 seconds
  Import took 0.050236 seconds .

========================================================================
Received Import Request.
  Time since last request: 35.671218 seconds.
  path: Packages/com.unity.render-pipelines.universal/Runtime/Overrides
  artifactKey: Guid(1d7cd03b402219345ac6dedb815bfdeb) Importer(815301076,1909f56bfc062723c751e8b465ee728b)
Start importing Packages/com.unity.render-pipelines.universal/Runtime/Overrides using Guid(1d7cd03b402219345ac6dedb815bfdeb) Importer(815301076,1909f56bfc062723c751e8b465ee728b)  -> (artifact id: '806ecc8baa7be8aaf9b7081420951b0f') in 0.008733 seconds
  Import took 0.013566 seconds .

========================================================================
Received Import Request.
  Time since last request: 0.538813 seconds.
  path: Packages/com.unity.render-pipelines.universal/Runtime/Materials
  artifactKey: Guid(7f10efc5458aa44a2928a72c38807544) Importer(815301076,1909f56bfc062723c751e8b465ee728b)
Start importing Packages/com.unity.render-pipelines.universal/Runtime/Materials using Guid(7f10efc5458aa44a2928a72c38807544) Importer(815301076,1909f56bfc062723c751e8b465ee728b)  -> (artifact id: '99866e00acaac8f3cfec1558157cf74d') in 0.008426 seconds
  Import took 0.012411 seconds .

========================================================================
Received Import Request.
  Time since last request: 5.353494 seconds.
  path: Packages/com.unity.render-pipelines.universal/Runtime/Materials/ArnoldStandardSurface
  artifactKey: Guid(dadc0db69503dfa4eb1c96a19590f95c) Importer(815301076,1909f56bfc062723c751e8b465ee728b)
Start importing Packages/com.unity.render-pipelines.universal/Runtime/Materials/ArnoldStandardSurface using Guid(dadc0db69503dfa4eb1c96a19590f95c) Importer(815301076,1909f56bfc062723c751e8b465ee728b)  -> (artifact id: 'c69385d4805c8175a9320d04112b83f3') in 0.008946 seconds
  Import took 0.013193 seconds .

========================================================================
Received Import Request.
  Time since last request: 3.057934 seconds.
  path: Packages/com.unity.render-pipelines.universal/Runtime/Materials/PhysicalMaterial3DsMax
  artifactKey: Guid(6008daaf28fd58349b70105e46e2a92b) Importer(815301076,1909f56bfc062723c751e8b465ee728b)
Start importing Packages/com.unity.render-pipelines.universal/Runtime/Materials/PhysicalMaterial3DsMax using Guid(6008daaf28fd58349b70105e46e2a92b) Importer(815301076,1909f56bfc062723c751e8b465ee728b)  -> (artifact id: 'ca95530a5286072ff1bc62c62bb64cfc') in 0.008987 seconds
  Import took 0.012861 seconds .

========================================================================
Received Import Request.
  Time since last request: 3.778073 seconds.
  path: Packages/com.unity.render-pipelines.universal/Runtime/Materials/PhysicalMaterial3DsMax/PhysicalMaterial3DsMax.shadergraph
  artifactKey: Guid(44245ab89240f51459a5077d7145c452) Importer(815301076,1909f56bfc062723c751e8b465ee728b)
Start importing Packages/com.unity.render-pipelines.universal/Runtime/Materials/PhysicalMaterial3DsMax/PhysicalMaterial3DsMax.shadergraph using Guid(44245ab89240f51459a5077d7145c452) Importer(815301076,1909f56bfc062723c751e8b465ee728b)  -> (artifact id: '0323ab74a1fc574de9fb808000308b55') in 0.010360 seconds
  Import took 0.014372 seconds .

========================================================================
Received Import Request.
  Time since last request: 0.767146 seconds.
  path: Packages/com.unity.render-pipelines.universal/Runtime/Materials/PhysicalMaterial3DsMax/PhysicalMaterial3DsMax.shadergraph
  artifactKey: Guid(44245ab89240f51459a5077d7145c452) Importer(815301076,1909f56bfc062723c751e8b465ee728b)
Start importing Packages/com.unity.render-pipelines.universal/Runtime/Materials/PhysicalMaterial3DsMax/PhysicalMaterial3DsMax.shadergraph using Guid(44245ab89240f51459a5077d7145c452) Importer(815301076,1909f56bfc062723c751e8b465ee728b)  -> (artifact id: '0323ab74a1fc574de9fb808000308b55') in 0.005910 seconds
  Import took 0.010469 seconds .

========================================================================
Received Import Request.
  Time since last request: 4.967565 seconds.
  path: Packages/com.unity.render-pipelines.universal/Runtime/Data
  artifactKey: Guid(d59f1663563e245fabce035da7cecd75) Importer(815301076,1909f56bfc062723c751e8b465ee728b)
Start importing Packages/com.unity.render-pipelines.universal/Runtime/Data using Guid(d59f1663563e245fabce035da7cecd75) Importer(815301076,1909f56bfc062723c751e8b465ee728b)  -> (artifact id: '96b3a0e795653ba3ea21b7a123517207') in 0.008532 seconds
  Import took 0.012932 seconds .

========================================================================
Received Import Request.
  Time since last request: 0.728661 seconds.
  path: Packages/com.unity.render-pipelines.universal/Runtime/External
  artifactKey: Guid(a16d3f5cc558b4b45937e84b914b6de0) Importer(815301076,1909f56bfc062723c751e8b465ee728b)
Start importing Packages/com.unity.render-pipelines.universal/Runtime/External using Guid(a16d3f5cc558b4b45937e84b914b6de0) Importer(815301076,1909f56bfc062723c751e8b465ee728b)  -> (artifact id: 'db541e4118c1cb7aa341353132a97e74') in 0.008967 seconds
  Import took 0.013175 seconds .

========================================================================
Received Import Request.
  Time since last request: 0.855290 seconds.
  path: Packages/com.unity.render-pipelines.universal/Runtime/External/LibTessDotNet
  artifactKey: Guid(4f78e64564feec44790d19a02b6a1ac3) Importer(815301076,1909f56bfc062723c751e8b465ee728b)
Start importing Packages/com.unity.render-pipelines.universal/Runtime/External/LibTessDotNet using Guid(4f78e64564feec44790d19a02b6a1ac3) Importer(815301076,1909f56bfc062723c751e8b465ee728b)  -> (artifact id: '2ac7d089d578987c0190504c56fd5ecd') in 0.009106 seconds
  Import took 0.013734 seconds .

========================================================================
Received Import Request.
  Time since last request: 3.021052 seconds.
  path: Packages/com.unity.render-pipelines.universal/Shaders
  artifactKey: Guid(248877dd7078443d6b51abf21ee7d52a) Importer(815301076,1909f56bfc062723c751e8b465ee728b)
Start importing Packages/com.unity.render-pipelines.universal/Shaders using Guid(248877dd7078443d6b51abf21ee7d52a) Importer(815301076,1909f56bfc062723c751e8b465ee728b)  -> (artifact id: '50dbcb53ed9257e8f0d9198ef62268f8') in 0.009184 seconds
  Import took 0.013260 seconds .

========================================================================
Received Import Request.
  Time since last request: 11.315700 seconds.
  path: Packages/com.unity.render-pipelines.universal/Shaders/Utils
  artifactKey: Guid(593842fd4bfffcc41877fd07df639f3c) Importer(815301076,1909f56bfc062723c751e8b465ee728b)
Start importing Packages/com.unity.render-pipelines.universal/Shaders/Utils using Guid(593842fd4bfffcc41877fd07df639f3c) Importer(815301076,1909f56bfc062723c751e8b465ee728b)  -> (artifact id: 'bafc3d3b8fd7e1b53a1c9cc616581663') in 0.009178 seconds
  Import took 0.013375 seconds .

========================================================================
Received Import Request.
  Time since last request: 0.505552 seconds.
  path: Packages/com.unity.render-pipelines.universal/Shaders/Terrain
  artifactKey: Guid(cf2defa266cfe43e59a7230ff55c6107) Importer(815301076,1909f56bfc062723c751e8b465ee728b)
Start importing Packages/com.unity.render-pipelines.universal/Shaders/Terrain using Guid(cf2defa266cfe43e59a7230ff55c6107) Importer(815301076,1909f56bfc062723c751e8b465ee728b)  -> (artifact id: '8fa0c4a6c0b692ab38b05b18a953076f') in 0.013493 seconds
  Import took 0.018497 seconds .

========================================================================
Received Import Request.
  Time since last request: 0.453581 seconds.
  path: Packages/com.unity.render-pipelines.universal/Shaders/PostProcessing
  artifactKey: Guid(a7a16c0caf8b8a84592e5c6591db2513) Importer(815301076,1909f56bfc062723c751e8b465ee728b)
Start importing Packages/com.unity.render-pipelines.universal/Shaders/PostProcessing using Guid(a7a16c0caf8b8a84592e5c6591db2513) Importer(815301076,1909f56bfc062723c751e8b465ee728b)  -> (artifact id: 'a2064b0390c57331177b910af56c7b3a') in 0.009593 seconds
  Import took 0.015397 seconds .

========================================================================
Received Import Request.
  Time since last request: 14.337233 seconds.
  path: Packages/com.unity.render-pipelines.universal/Shaders/PostProcessing/FinalPost.shader
  artifactKey: Guid(c49e63ed1bbcb334780a3bd19dfed403) Importer(815301076,1909f56bfc062723c751e8b465ee728b)
Start importing Packages/com.unity.render-pipelines.universal/Shaders/PostProcessing/FinalPost.shader using Guid(c49e63ed1bbcb334780a3bd19dfed403) Importer(815301076,1909f56bfc062723c751e8b465ee728b)  -> (artifact id: '89c387b35a779acc708b790dd44af886') in 0.014246 seconds
  Import took 0.018902 seconds .

========================================================================
Received Import Request.
  Time since last request: 0.674082 seconds.
  path: Packages/com.unity.render-pipelines.universal/Shaders/PostProcessing/StopNaN.shader
  artifactKey: Guid(1121bb4e615ca3c48b214e79e841e823) Importer(815301076,1909f56bfc062723c751e8b465ee728b)
Start importing Packages/com.unity.render-pipelines.universal/Shaders/PostProcessing/StopNaN.shader using Guid(1121bb4e615ca3c48b214e79e841e823) Importer(815301076,1909f56bfc062723c751e8b465ee728b)  -> (artifact id: '5122019ae0a971ef90b1e091f729f50d') in 0.008994 seconds
  Import took 0.013176 seconds .

========================================================================
Received Import Request.
  Time since last request: 0.568061 seconds.
  path: Packages/com.unity.render-pipelines.universal/Shaders/PostProcessing/PaniniProjection.shader
  artifactKey: Guid(a15b78cf8ca26ca4fb2090293153c62c) Importer(815301076,1909f56bfc062723c751e8b465ee728b)
Start importing Packages/com.unity.render-pipelines.universal/Shaders/PostProcessing/PaniniProjection.shader using Guid(a15b78cf8ca26ca4fb2090293153c62c) Importer(815301076,1909f56bfc062723c751e8b465ee728b)  -> (artifact id: 'fe4cf2db223c0d5bd2e8c401a627f6bb') in 0.009088 seconds
  Import took 0.013994 seconds .

========================================================================
Received Import Request.
  Time since last request: 0.582499 seconds.
  path: Packages/com.unity.render-pipelines.universal/Shaders/PostProcessing/LutBuilderLdr.shader
  artifactKey: Guid(65df88701913c224d95fc554db28381a) Importer(815301076,1909f56bfc062723c751e8b465ee728b)
Start importing Packages/com.unity.render-pipelines.universal/Shaders/PostProcessing/LutBuilderLdr.shader using Guid(65df88701913c224d95fc554db28381a) Importer(815301076,1909f56bfc062723c751e8b465ee728b)  -> (artifact id: '44a5d076c29913d7b6a888dac805acb5') in 0.010270 seconds
  Import took 0.014777 seconds .

========================================================================
Received Import Request.
  Time since last request: 0.783324 seconds.
  path: Packages/com.unity.render-pipelines.universal/Shaders/PostProcessing/Bloom.shader
  artifactKey: Guid(5f1864addb451f54bae8c86d230f736e) Importer(815301076,1909f56bfc062723c751e8b465ee728b)
Start importing Packages/com.unity.render-pipelines.universal/Shaders/PostProcessing/Bloom.shader using Guid(5f1864addb451f54bae8c86d230f736e) Importer(815301076,1909f56bfc062723c751e8b465ee728b)  -> (artifact id: 'e06f4e7a930696ed845f820f2381307c') in 0.009840 seconds
  Import took 0.014297 seconds .

========================================================================
Received Import Request.
  Time since last request: 1.502381 seconds.
  path: Packages/com.unity.render-pipelines.universal/Shaders/PostProcessing/SubpixelMorphologicalAntialiasingBridge.hlsl
  artifactKey: Guid(0c5832a72145a5b49a1b64a21a609bb4) Importer(815301076,1909f56bfc062723c751e8b465ee728b)
Start importing Packages/com.unity.render-pipelines.universal/Shaders/PostProcessing/SubpixelMorphologicalAntialiasingBridge.hlsl using Guid(0c5832a72145a5b49a1b64a21a609bb4) Importer(815301076,1909f56bfc062723c751e8b465ee728b)  -> (artifact id: '56f3b9045f63ea3bdbb50b868f325b5f') in 0.031098 seconds
  Import took 0.034600 seconds .

========================================================================
Received Import Request.
  Time since last request: 0.863600 seconds.
  path: Packages/com.unity.render-pipelines.universal/Shaders/PostProcessing/SubpixelMorphologicalAntialiasing.shader
  artifactKey: Guid(63eaba0ebfb82cc43bde059b4a8c65f6) Importer(815301076,1909f56bfc062723c751e8b465ee728b)
Start importing Packages/com.unity.render-pipelines.universal/Shaders/PostProcessing/SubpixelMorphologicalAntialiasing.shader using Guid(63eaba0ebfb82cc43bde059b4a8c65f6) Importer(815301076,1909f56bfc062723c751e8b465ee728b)  -> (artifact id: '4defb8081cc7040ff01767c2c227969c') in 0.008045 seconds
  Import took 0.012270 seconds .

========================================================================
Received Import Request.
  Time since last request: 1.099379 seconds.
  path: Packages/com.unity.render-pipelines.universal/Shaders/PostProcessing/UberPost.shader
  artifactKey: Guid(e7857e9d0c934dc4f83f270f8447b006) Importer(815301076,1909f56bfc062723c751e8b465ee728b)
Start importing Packages/com.unity.render-pipelines.universal/Shaders/PostProcessing/UberPost.shader using Guid(e7857e9d0c934dc4f83f270f8447b006) Importer(815301076,1909f56bfc062723c751e8b465ee728b)  -> (artifact id: '21e38302fd1eeda458555691a0d9bbf1') in 0.008703 seconds
  Import took 0.012860 seconds .

========================================================================
Received Import Request.
  Time since last request: 8.574813 seconds.
  path: Packages/com.unity.render-pipelines.universal/Shaders/Utils/ScreenSpaceAmbientOcclusion.shader
  artifactKey: Guid(0849e84e3d62649e8882e9d6f056a017) Importer(815301076,1909f56bfc062723c751e8b465ee728b)
Start importing Packages/com.unity.render-pipelines.universal/Shaders/Utils/ScreenSpaceAmbientOcclusion.shader using Guid(0849e84e3d62649e8882e9d6f056a017) Importer(815301076,1909f56bfc062723c751e8b465ee728b)  -> (artifact id: '7f8df2f46145d273e5c92c8885e56052') in 0.003842 seconds
  Import took 0.007929 seconds .

========================================================================
Received Prepare
Registering precompiled user dll's ...
Registered in 0.001950 seconds.
Begin MonoManager ReloadAssembly
Symbol file LoadedFromMemory doesn't match image E:\Projects\LWRP_Test\Library\PackageCache\com.unity.ext.nunit@1.0.0\net35\unity-custom\nunit.framework.dll
Native extension for WindowsStandalone target not found
Refreshing native plugins compatible for Editor in 0.45 ms, found 0 plugins.
Preloading 0 native plugins for Editor in 0.00 ms.
Invoked RoslynAnalysisRunner static constructor.
RoslynAnalysisRunner will not be running.
RoslynAnalysisRunner has terminated.
Mono: successfully reloaded assembly
- Completed reload, in  1.164 seconds
Platform modules already initialized, skipping
Shader 'Universal Render Pipeline/Particles/Lit': fallback shader 'Universal Render Pipeline/Particles/SimpleLit' not found
Refreshing native plugins compatible for Editor in 0.44 ms, found 0 plugins.
Preloading 0 native plugins for Editor in 0.00 ms.
Unloading 2357 Unused Serialized files (Serialized files now loaded: 0)
System memory in use before: 258.6 MB.
System memory in use after: 256.6 MB.

Unloading 8 unused Assets to reduce memory usage. Loaded Objects now: 2971.
Total: 2.989100 ms (FindLiveObjects: 0.249200 ms CreateObjectMapping: 0.129800 ms MarkObjects: 1.923800 ms  DeleteObjects: 0.684500 ms)

========================================================================
Received Import Request.
  Time since last request: 9657.370830 seconds.
  path: Assets/Sphere (6).prefab
  artifactKey: Guid(e3f8a271a27cfb542b883fd512e32293) Importer(815301076,1909f56bfc062723c751e8b465ee728b)
Start importing Assets/Sphere (6).prefab using Guid(e3f8a271a27cfb542b883fd512e32293) Importer(815301076,1909f56bfc062723c751e8b465ee728b)  -> (artifact id: '1b416abd5f2f314cd52ac11342626f6c') in 1.895497 seconds
  Import took 1.987734 seconds .

========================================================================
Received Import Request.
  Time since last request: 0.000450 seconds.
  path: Assets/新建文件夹
  artifactKey: Guid(f03a182091f018a44b778a56d4247b14) Importer(815301076,1909f56bfc062723c751e8b465ee728b)
Start importing Assets/新建文件夹 using Guid(f03a182091f018a44b778a56d4247b14) Importer(815301076,1909f56bfc062723c751e8b465ee728b)  -> (artifact id: '530a6417e9ba8655ffa35a2695b3d4f2') in 0.025536 seconds
  Import took 0.029083 seconds .

========================================================================
Received Import Request.
  Time since last request: 0.000359 seconds.
  path: Assets/Textures
  artifactKey: Guid(ffd0460c009f7324bbc77264375b46fa) Importer(815301076,1909f56bfc062723c751e8b465ee728b)
Start importing Assets/Textures using Guid(ffd0460c009f7324bbc77264375b46fa) Importer(815301076,1909f56bfc062723c751e8b465ee728b)  -> (artifact id: 'f4d8e7d968bed52f0ac62303a5ccaf08') in 0.006346 seconds
  Import took 0.017249 seconds .

========================================================================
Received Import Request.
  Time since last request: 54.754655 seconds.
  path: Assets/新建文件夹/LightEdge.shader
  artifactKey: Guid(251d2826764256a4b88a881e4f2badea) Importer(815301076,1909f56bfc062723c751e8b465ee728b)
Start importing Assets/新建文件夹/LightEdge.shader using Guid(251d2826764256a4b88a881e4f2badea) Importer(815301076,1909f56bfc062723c751e8b465ee728b)  -> (artifact id: 'e7aa3c20aad3c75525e3a4cf5e963011') in 0.008846 seconds
  Import took 0.012569 seconds .

========================================================================
Received Import Request.
  Time since last request: 0.046572 seconds.
  path: Assets/新建文件夹/LightEdge.shader
  artifactKey: Guid(251d2826764256a4b88a881e4f2badea) Importer(815301076,1909f56bfc062723c751e8b465ee728b)
Start importing Assets/新建文件夹/LightEdge.shader using Guid(251d2826764256a4b88a881e4f2badea) Importer(815301076,1909f56bfc062723c751e8b465ee728b)  -> (artifact id: 'e7aa3c20aad3c75525e3a4cf5e963011') in 0.005117 seconds
  Import took 0.010156 seconds .

========================================================================
Received Import Request.
  Time since last request: 902.582195 seconds.
  path: Assets/新建文件夹/LightEdge.shader
  artifactKey: Guid(251d2826764256a4b88a881e4f2badea) Importer(815301076,1909f56bfc062723c751e8b465ee728b)
Start importing Assets/新建文件夹/LightEdge.shader using Guid(251d2826764256a4b88a881e4f2badea) Importer(815301076,1909f56bfc062723c751e8b465ee728b)  -> (artifact id: '7fccc852827fbce1e0cdafd19bd3183e') in 0.010266 seconds
  Import took 0.038457 seconds .

========================================================================
Received Import Request.
  Time since last request: 342.344808 seconds.
  path: Assets/新建文件夹/LightEdge.shader
  artifactKey: Guid(251d2826764256a4b88a881e4f2badea) Importer(815301076,1909f56bfc062723c751e8b465ee728b)
Start importing Assets/新建文件夹/LightEdge.shader using Guid(251d2826764256a4b88a881e4f2badea) Importer(815301076,1909f56bfc062723c751e8b465ee728b)  -> (artifact id: 'f1f16bfbe60e3cdefdd77dfca46de6e2') in 0.006094 seconds
  Import took 0.012521 seconds .

========================================================================
Received Import Request.
  Time since last request: 0.266626 seconds.
  path: Assets/新建文件夹/LightEdge.shader
  artifactKey: Guid(251d2826764256a4b88a881e4f2badea) Importer(815301076,1909f56bfc062723c751e8b465ee728b)
Start importing Assets/新建文件夹/LightEdge.shader using Guid(251d2826764256a4b88a881e4f2badea) Importer(815301076,1909f56bfc062723c751e8b465ee728b)  -> (artifact id: 'f1f16bfbe60e3cdefdd77dfca46de6e2') in 0.004612 seconds
  Import took 0.009793 seconds .

========================================================================
Received Import Request.
  Time since last request: 27.810023 seconds.
  path: Assets/新建文件夹/LightEdge.shader
  artifactKey: Guid(251d2826764256a4b88a881e4f2badea) Importer(815301076,1909f56bfc062723c751e8b465ee728b)
Start importing Assets/新建文件夹/LightEdge.shader using Guid(251d2826764256a4b88a881e4f2badea) Importer(815301076,1909f56bfc062723c751e8b465ee728b)  -> (artifact id: 'ebea7949df865a3acf77af1b9ea7c517') in 0.006190 seconds
  Import took 0.011475 seconds .

========================================================================
Received Import Request.
  Time since last request: 21.939092 seconds.
  path: Assets/新建文件夹/snowMan_AO.png
  artifactKey: Guid(7dc6a5545edebb34fb795208953c8add) Importer(815301076,1909f56bfc062723c751e8b465ee728b)
Start importing Assets/新建文件夹/snowMan_AO.png using Guid(7dc6a5545edebb34fb795208953c8add) Importer(815301076,1909f56bfc062723c751e8b465ee728b)  -> (artifact id: '49559a23d6acc63ba878fc8da8ef3ec7') in 0.113879 seconds
  Import took 0.117728 seconds .

========================================================================
Received Import Request.
  Time since last request: 0.542790 seconds.
  path: Assets/新建文件夹/NewRayTracingShader.raytrace
  artifactKey: Guid(0ae4697f6c4531549ae49c7c552c1164) Importer(815301076,1909f56bfc062723c751e8b465ee728b)
Start importing Assets/新建文件夹/NewRayTracingShader.raytrace using Guid(0ae4697f6c4531549ae49c7c552c1164) Importer(815301076,1909f56bfc062723c751e8b465ee728b)  -> (artifact id: '63b2361ab61e93c308a53efab419acb5') in 0.015846 seconds
  Import took 0.020355 seconds .

========================================================================
Received Import Request.
  Time since last request: 0.000612 seconds.
  path: Assets/新建文件夹/NewRayTracingShader.raytrace
  artifactKey: Guid(0ae4697f6c4531549ae49c7c552c1164) Importer(815301076,1909f56bfc062723c751e8b465ee728b)
Start importing Assets/新建文件夹/NewRayTracingShader.raytrace using Guid(0ae4697f6c4531549ae49c7c552c1164) Importer(815301076,1909f56bfc062723c751e8b465ee728b)  -> (artifact id: '63b2361ab61e93c308a53efab419acb5') in 0.004903 seconds
  Import took 0.009864 seconds .

========================================================================
Received Import Request.
  Time since last request: 36.434591 seconds.
  path: Assets/新建文件夹/ball.fbx
  artifactKey: Guid(44403cb476e9d0f49a4d7b0f5876a3b8) Importer(815301076,1909f56bfc062723c751e8b465ee728b)
Start importing Assets/新建文件夹/ball.fbx using Guid(44403cb476e9d0f49a4d7b0f5876a3b8) Importer(815301076,1909f56bfc062723c751e8b465ee728b)  -> (artifact id: '976db703fa662a2995347318cb93691b') in 0.734919 seconds
  Import took 0.738752 seconds .

========================================================================
Received Import Request.
  Time since last request: 31.187204 seconds.
  path: Assets/新建文件夹/LightEdge.shader
  artifactKey: Guid(251d2826764256a4b88a881e4f2badea) Importer(815301076,1909f56bfc062723c751e8b465ee728b)
Start importing Assets/新建文件夹/LightEdge.shader using Guid(251d2826764256a4b88a881e4f2badea) Importer(815301076,1909f56bfc062723c751e8b465ee728b)  -> (artifact id: '341527a0cc9f918f2c41d061f5925c17') in 0.005311 seconds
  Import took 0.009647 seconds .

========================================================================
Received Import Request.
  Time since last request: 99.546758 seconds.
  path: Assets/新建文件夹/LightEdge.shader
  artifactKey: Guid(251d2826764256a4b88a881e4f2badea) Importer(815301076,1909f56bfc062723c751e8b465ee728b)
Start importing Assets/新建文件夹/LightEdge.shader using Guid(251d2826764256a4b88a881e4f2badea) Importer(815301076,1909f56bfc062723c751e8b465ee728b)  -> (artifact id: '0b932b111833ac75db8cfeddb2649188') in 0.005775 seconds
  Import took 0.012673 seconds .

========================================================================
Received Import Request.
  Time since last request: 20.162310 seconds.
  path: Assets/新建文件夹/LightEdge.shader
  artifactKey: Guid(251d2826764256a4b88a881e4f2badea) Importer(815301076,1909f56bfc062723c751e8b465ee728b)
Start importing Assets/新建文件夹/LightEdge.shader using Guid(251d2826764256a4b88a881e4f2badea) Importer(815301076,1909f56bfc062723c751e8b465ee728b)  -> (artifact id: '6777ec31c508c2efe61cbfce14f88f55') in 0.004559 seconds
  Import took 0.009432 seconds .

========================================================================
Received Import Request.
  Time since last request: 28.233423 seconds.
  path: Assets/新建文件夹/LightEdge.shader
  artifactKey: Guid(251d2826764256a4b88a881e4f2badea) Importer(815301076,1909f56bfc062723c751e8b465ee728b)
Start importing Assets/新建文件夹/LightEdge.shader using Guid(251d2826764256a4b88a881e4f2badea) Importer(815301076,1909f56bfc062723c751e8b465ee728b)  -> (artifact id: '0b049bb90f1ccbc37816bca9e20f4e53') in 0.005332 seconds
  Import took 0.009467 seconds .

========================================================================
Received Import Request.
  Time since last request: 3.878720 seconds.
  path: Assets/新建文件夹/AcidMonsterB.png
  artifactKey: Guid(1b0963792a2aec5479d01797cdeb097b) Importer(815301076,1909f56bfc062723c751e8b465ee728b)
Start importing Assets/新建文件夹/AcidMonsterB.png using Guid(1b0963792a2aec5479d01797cdeb097b) Importer(815301076,1909f56bfc062723c751e8b465ee728b)  -> (artifact id: '4d1d217c95a32aa824566d9bf852c412') in 0.016864 seconds
  Import took 0.020737 seconds .

========================================================================
Received Import Request.
  Time since last request: 57.409176 seconds.
  path: Assets/新建文件夹/LightEdge.shader
  artifactKey: Guid(251d2826764256a4b88a881e4f2badea) Importer(815301076,1909f56bfc062723c751e8b465ee728b)
Start importing Assets/新建文件夹/LightEdge.shader using Guid(251d2826764256a4b88a881e4f2badea) Importer(815301076,1909f56bfc062723c751e8b465ee728b)  -> (artifact id: '05e79c6ddce01f0817f16083774acd97') in 0.004229 seconds
  Import took 0.008584 seconds .

========================================================================
Received Import Request.
  Time since last request: 111.371759 seconds.
  path: Assets/新建文件夹/LightEdge.shader
  artifactKey: Guid(251d2826764256a4b88a881e4f2badea) Importer(815301076,1909f56bfc062723c751e8b465ee728b)
Start importing Assets/新建文件夹/LightEdge.shader using Guid(251d2826764256a4b88a881e4f2badea) Importer(815301076,1909f56bfc062723c751e8b465ee728b)  -> (artifact id: '083b5fc3510e09956e8aae6182bef688') in 0.006395 seconds
  Import took 0.011248 seconds .

========================================================================
Received Import Request.
  Time since last request: 33.670960 seconds.
  path: Assets/新建文件夹/LightEdge.shader
  artifactKey: Guid(251d2826764256a4b88a881e4f2badea) Importer(815301076,1909f56bfc062723c751e8b465ee728b)
Start importing Assets/新建文件夹/LightEdge.shader using Guid(251d2826764256a4b88a881e4f2badea) Importer(815301076,1909f56bfc062723c751e8b465ee728b)  -> (artifact id: '77812985184dd4d4a7b9ba0a3998ab81') in 0.005513 seconds
  Import took 0.009566 seconds .

========================================================================
Received Import Request.
  Time since last request: 16.509398 seconds.
  path: Assets/新建文件夹/LightEdge.shader
  artifactKey: Guid(251d2826764256a4b88a881e4f2badea) Importer(815301076,1909f56bfc062723c751e8b465ee728b)
Start importing Assets/新建文件夹/LightEdge.shader using Guid(251d2826764256a4b88a881e4f2badea) Importer(815301076,1909f56bfc062723c751e8b465ee728b)  -> (artifact id: '1da4a8afbcae142511535ab6e9538c4b') in 0.005012 seconds
  Import took 0.010608 seconds .

========================================================================
Received Import Request.
  Time since last request: 511.987544 seconds.
  path: Assets/新建文件夹/LightEdge.shader
  artifactKey: Guid(251d2826764256a4b88a881e4f2badea) Importer(815301076,1909f56bfc062723c751e8b465ee728b)
Start importing Assets/新建文件夹/LightEdge.shader using Guid(251d2826764256a4b88a881e4f2badea) Importer(815301076,1909f56bfc062723c751e8b465ee728b)  -> (artifact id: '110ed461f7e1a6adc3ebccdbb1de2ad5') in 0.005087 seconds
  Import took 0.010106 seconds .

========================================================================
Received Import Request.
  Time since last request: 16.226568 seconds.
  path: Assets/新建文件夹/LightEdge.shader
  artifactKey: Guid(251d2826764256a4b88a881e4f2badea) Importer(815301076,1909f56bfc062723c751e8b465ee728b)
Start importing Assets/新建文件夹/LightEdge.shader using Guid(251d2826764256a4b88a881e4f2badea) Importer(815301076,1909f56bfc062723c751e8b465ee728b)  -> (artifact id: 'f97b79b71a8fc1113dcaec7229d1ba72') in 0.004307 seconds
  Import took 0.008744 seconds .

========================================================================
Received Import Request.
  Time since last request: 22.795760 seconds.
  path: Assets/新建文件夹/LightEdge.shader
  artifactKey: Guid(251d2826764256a4b88a881e4f2badea) Importer(815301076,1909f56bfc062723c751e8b465ee728b)
Start importing Assets/新建文件夹/LightEdge.shader using Guid(251d2826764256a4b88a881e4f2badea) Importer(815301076,1909f56bfc062723c751e8b465ee728b)  -> (artifact id: '9a0f6addb22455058491f5f69d3a23b5') in 0.005369 seconds
  Import took 0.009630 seconds .

========================================================================
Received Import Request.
  Time since last request: 61450.402329 seconds.
  path: Assets/新建文件夹/ball.fbx
  artifactKey: Guid(44403cb476e9d0f49a4d7b0f5876a3b8) Importer(815301076,1909f56bfc062723c751e8b465ee728b)
Start importing Assets/新建文件夹/ball.fbx using Guid(44403cb476e9d0f49a4d7b0f5876a3b8) Importer(815301076,1909f56bfc062723c751e8b465ee728b)  -> (artifact id: 'a832aabef8718d8b918f605a77ade299') in 0.162379 seconds
  Import took 0.285455 seconds .

========================================================================
Received Prepare
Registering precompiled user dll's ...
Registered in 0.001724 seconds.
Begin MonoManager ReloadAssembly
Symbol file LoadedFromMemory doesn't match image E:\Projects\LWRP_Test\Library\PackageCache\com.unity.ext.nunit@1.0.0\net35\unity-custom\nunit.framework.dll
Native extension for WindowsStandalone target not found
Refreshing native plugins compatible for Editor in 1.03 ms, found 0 plugins.
Preloading 0 native plugins for Editor in 0.00 ms.
Invoked RoslynAnalysisRunner static constructor.
RoslynAnalysisRunner will not be running.
RoslynAnalysisRunner has terminated.
Mono: successfully reloaded assembly
- Completed reload, in  1.867 seconds
Platform modules already initialized, skipping
Shader 'Universal Render Pipeline/Particles/Lit': fallback shader 'Universal Render Pipeline/Particles/SimpleLit' not found
Refreshing native plugins compatible for Editor in 0.55 ms, found 0 plugins.
Preloading 0 native plugins for Editor in 0.00 ms.
Unloading 2359 Unused Serialized files (Serialized files now loaded: 0)
System memory in use before: 265.5 MB.
System memory in use after: 263.4 MB.

Unloading 9 unused Assets to reduce memory usage. Loaded Objects now: 3058.
Total: 3.186200 ms (FindLiveObjects: 0.335700 ms CreateObjectMapping: 0.167300 ms MarkObjects: 2.047300 ms  DeleteObjects: 0.634400 ms)

========================================================================
Received Prepare
Registering precompiled user dll's ...
Registered in 0.001550 seconds.
Begin MonoManager ReloadAssembly
Symbol file LoadedFromMemory doesn't match image E:\Projects\LWRP_Test\Library\PackageCache\com.unity.ext.nunit@1.0.0\net35\unity-custom\nunit.framework.dll
Native extension for WindowsStandalone target not found
Refreshing native plugins compatible for Editor in 0.54 ms, found 0 plugins.
Preloading 0 native plugins for Editor in 0.00 ms.
Invoked RoslynAnalysisRunner static constructor.
RoslynAnalysisRunner will not be running.
RoslynAnalysisRunner has terminated.
Mono: successfully reloaded assembly
- Completed reload, in  1.165 seconds
Platform modules already initialized, skipping
Shader 'Universal Render Pipeline/Particles/Lit': fallback shader 'Universal Render Pipeline/Particles/SimpleLit' not found
Refreshing native plugins compatible for Editor in 0.50 ms, found 0 plugins.
Preloading 0 native plugins for Editor in 0.00 ms.
Unloading 2359 Unused Serialized files (Serialized files now loaded: 0)
System memory in use before: 265.5 MB.
System memory in use after: 263.5 MB.

Unloading 9 unused Assets to reduce memory usage. Loaded Objects now: 3060.
Total: 3.527100 ms (FindLiveObjects: 0.326900 ms CreateObjectMapping: 0.146600 ms MarkObjects: 2.317000 ms  DeleteObjects: 0.735500 ms)

========================================================================
Received Import Request.
  Time since last request: 16302.506148 seconds.
  path: Assets/LightEditor.cs
  artifactKey: Guid(e739e813c6a7b404da1b7aaf72f38fc5) Importer(815301076,1909f56bfc062723c751e8b465ee728b)
Start importing Assets/LightEditor.cs using Guid(e739e813c6a7b404da1b7aaf72f38fc5) Importer(815301076,1909f56bfc062723c751e8b465ee728b)  -> (artifact id: '31788276879f46963bf4be7898f07cac') in 0.012611 seconds
  Import took 0.018238 seconds .

========================================================================
Received Import Request.
  Time since last request: 13.635666 seconds.
  path: Assets/LightEditor.cs
  artifactKey: Guid(e739e813c6a7b404da1b7aaf72f38fc5) Importer(815301076,1909f56bfc062723c751e8b465ee728b)
Start importing Assets/LightEditor.cs using Guid(e739e813c6a7b404da1b7aaf72f38fc5) Importer(815301076,1909f56bfc062723c751e8b465ee728b)  -> (artifact id: 'd019d70dd62f89cdca7bbdd456e6655c') in 0.005183 seconds
  Import took 0.016031 seconds .

========================================================================
Received Prepare
Registering precompiled user dll's ...
Registered in 0.001885 seconds.
Begin MonoManager ReloadAssembly
Symbol file LoadedFromMemory doesn't match image E:\Projects\LWRP_Test\Library\PackageCache\com.unity.ext.nunit@1.0.0\net35\unity-custom\nunit.framework.dll
Native extension for WindowsStandalone target not found
Refreshing native plugins compatible for Editor in 0.48 ms, found 0 plugins.
Preloading 0 native plugins for Editor in 0.00 ms.
Invoked RoslynAnalysisRunner static constructor.
RoslynAnalysisRunner will not be running.
RoslynAnalysisRunner has terminated.
Mono: successfully reloaded assembly
- Completed reload, in  1.154 seconds
Platform modules already initialized, skipping
Shader 'Universal Render Pipeline/Particles/Lit': fallback shader 'Universal Render Pipeline/Particles/SimpleLit' not found
Refreshing native plugins compatible for Editor in 0.52 ms, found 0 plugins.
Preloading 0 native plugins for Editor in 0.00 ms.
Unloading 2359 Unused Serialized files (Serialized files now loaded: 0)
System memory in use before: 265.5 MB.
System memory in use after: 263.5 MB.

Unloading 9 unused Assets to reduce memory usage. Loaded Objects now: 3062.
Total: 3.379500 ms (FindLiveObjects: 0.355000 ms CreateObjectMapping: 0.174500 ms MarkObjects: 1.957300 ms  DeleteObjects: 0.891400 ms)

========================================================================
Received Import Request.
  Time since last request: 248.005237 seconds.
  path: Assets/LightEditor.cs
  artifactKey: Guid(e739e813c6a7b404da1b7aaf72f38fc5) Importer(815301076,1909f56bfc062723c751e8b465ee728b)
Start importing Assets/LightEditor.cs using Guid(e739e813c6a7b404da1b7aaf72f38fc5) Importer(815301076,1909f56bfc062723c751e8b465ee728b)  -> (artifact id: '67fea9139601f0961fdea94212cea621') in 0.006337 seconds
  Import took 0.031161 seconds .

========================================================================
Received Import Request.
  Time since last request: 16.378673 seconds.
  path: Assets/Editor
  artifactKey: Guid(5ca797828efeb3e4e91b34cec031fb0c) Importer(815301076,1909f56bfc062723c751e8b465ee728b)
Start importing Assets/Editor using Guid(5ca797828efeb3e4e91b34cec031fb0c) Importer(815301076,1909f56bfc062723c751e8b465ee728b)  -> (artifact id: '143be8acb6318357588d23550e699132') in 0.009249 seconds
  Import took 0.070495 seconds .

========================================================================
Received Prepare
Registering precompiled user dll's ...
Registered in 0.001513 seconds.
Begin MonoManager ReloadAssembly
Symbol file LoadedFromMemory doesn't match image E:\Projects\LWRP_Test\Library\PackageCache\com.unity.ext.nunit@1.0.0\net35\unity-custom\nunit.framework.dll
Native extension for WindowsStandalone target not found
Refreshing native plugins compatible for Editor in 0.75 ms, found 0 plugins.
Preloading 0 native plugins for Editor in 0.00 ms.
Invoked RoslynAnalysisRunner static constructor.
RoslynAnalysisRunner will not be running.
RoslynAnalysisRunner has terminated.
Mono: successfully reloaded assembly
- Completed reload, in  1.120 seconds
Platform modules already initialized, skipping
Shader 'Universal Render Pipeline/Particles/Lit': fallback shader 'Universal Render Pipeline/Particles/SimpleLit' not found
Refreshing native plugins compatible for Editor in 0.44 ms, found 0 plugins.
Preloading 0 native plugins for Editor in 0.00 ms.
Unloading 2359 Unused Serialized files (Serialized files now loaded: 0)
System memory in use before: 265.4 MB.
System memory in use after: 263.4 MB.

Unloading 9 unused Assets to reduce memory usage. Loaded Objects now: 3064.
Total: 3.057100 ms (FindLiveObjects: 0.266200 ms CreateObjectMapping: 0.142800 ms MarkObjects: 1.923800 ms  DeleteObjects: 0.722300 ms)

========================================================================
Received Import Request.
  Time since last request: 944.498662 seconds.
  path: Assets/FlatKit
  artifactKey: Guid(e985b5d9b96fcd741a8fc432c1caa494) Importer(815301076,1909f56bfc062723c751e8b465ee728b)
Start importing Assets/FlatKit using Guid(e985b5d9b96fcd741a8fc432c1caa494) Importer(815301076,1909f56bfc062723c751e8b465ee728b)  -> (artifact id: 'c198f0356beb2220698ddf960b197e97') in 0.013751 seconds
  Import took 0.050903 seconds .

========================================================================
Received Prepare
Registering precompiled user dll's ...
Registered in 0.001592 seconds.
Begin MonoManager ReloadAssembly
Symbol file LoadedFromMemory doesn't match image E:\Projects\LWRP_Test\Library\PackageCache\com.unity.ext.nunit@1.0.0\net35\unity-custom\nunit.framework.dll
Native extension for WindowsStandalone target not found
Refreshing native plugins compatible for Editor in 0.47 ms, found 0 plugins.
Preloading 0 native plugins for Editor in 0.00 ms.
Invoked RoslynAnalysisRunner static constructor.
RoslynAnalysisRunner will not be running.
RoslynAnalysisRunner has terminated.
Mono: successfully reloaded assembly
- Completed reload, in  1.074 seconds
Platform modules already initialized, skipping
Shader 'Universal Render Pipeline/Particles/Lit': fallback shader 'Universal Render Pipeline/Particles/SimpleLit' not found
Refreshing native plugins compatible for Editor in 0.48 ms, found 0 plugins.
Preloading 0 native plugins for Editor in 0.00 ms.
Unloading 2359 Unused Serialized files (Serialized files now loaded: 0)
System memory in use before: 265.5 MB.
System memory in use after: 263.5 MB.

Unloading 9 unused Assets to reduce memory usage. Loaded Objects now: 3066.
Total: 2.872900 ms (FindLiveObjects: 0.274400 ms CreateObjectMapping: 0.138600 ms MarkObjects: 1.772900 ms  DeleteObjects: 0.685900 ms)

========================================================================
Received Import Request.
  Time since last request: 154.456742 seconds.
  path: Assets/Editor/LightEditor.cs
  artifactKey: Guid(e739e813c6a7b404da1b7aaf72f38fc5) Importer(815301076,1909f56bfc062723c751e8b465ee728b)
Start importing Assets/Editor/LightEditor.cs using Guid(e739e813c6a7b404da1b7aaf72f38fc5) Importer(815301076,1909f56bfc062723c751e8b465ee728b)  -> (artifact id: '16829993438ca982ccd4770632172482') in 0.009198 seconds
  Import took 0.052258 seconds .

========================================================================
Received Prepare
Registering precompiled user dll's ...
Registered in 0.002495 seconds.
Begin MonoManager ReloadAssembly
Symbol file LoadedFromMemory doesn't match image E:\Projects\LWRP_Test\Library\PackageCache\com.unity.ext.nunit@1.0.0\net35\unity-custom\nunit.framework.dll
Native extension for WindowsStandalone target not found
Refreshing native plugins compatible for Editor in 0.45 ms, found 0 plugins.
Preloading 0 native plugins for Editor in 0.00 ms.
Invoked RoslynAnalysisRunner static constructor.
RoslynAnalysisRunner will not be running.
RoslynAnalysisRunner has terminated.
Mono: successfully reloaded assembly
- Completed reload, in  1.177 seconds
Platform modules already initialized, skipping
Shader 'Universal Render Pipeline/Particles/Lit': fallback shader 'Universal Render Pipeline/Particles/SimpleLit' not found
Refreshing native plugins compatible for Editor in 0.46 ms, found 0 plugins.
Preloading 0 native plugins for Editor in 0.00 ms.
Unloading 2359 Unused Serialized files (Serialized files now loaded: 0)
System memory in use before: 265.4 MB.
System memory in use after: 263.5 MB.

Unloading 9 unused Assets to reduce memory usage. Loaded Objects now: 3068.
Total: 2.985500 ms (FindLiveObjects: 0.282800 ms CreateObjectMapping: 0.127600 ms MarkObjects: 1.880700 ms  DeleteObjects: 0.693000 ms)

========================================================================
Received Prepare
Registering precompiled user dll's ...
Registered in 0.001580 seconds.
Begin MonoManager ReloadAssembly
Symbol file LoadedFromMemory doesn't match image E:\Projects\LWRP_Test\Library\PackageCache\com.unity.ext.nunit@1.0.0\net35\unity-custom\nunit.framework.dll
Native extension for WindowsStandalone target not found
Refreshing native plugins compatible for Editor in 0.46 ms, found 0 plugins.
Preloading 0 native plugins for Editor in 0.00 ms.
Invoked RoslynAnalysisRunner static constructor.
RoslynAnalysisRunner will not be running.
RoslynAnalysisRunner has terminated.
Mono: successfully reloaded assembly
- Completed reload, in  1.045 seconds
Platform modules already initialized, skipping
Shader 'Universal Render Pipeline/Particles/Lit': fallback shader 'Universal Render Pipeline/Particles/SimpleLit' not found
Refreshing native plugins compatible for Editor in 0.47 ms, found 0 plugins.
Preloading 0 native plugins for Editor in 0.00 ms.
Unloading 2359 Unused Serialized files (Serialized files now loaded: 0)
System memory in use before: 265.5 MB.
System memory in use after: 263.5 MB.

Unloading 9 unused Assets to reduce memory usage. Loaded Objects now: 3070.
Total: 4.692200 ms (FindLiveObjects: 0.347200 ms CreateObjectMapping: 0.174400 ms MarkObjects: 3.111300 ms  DeleteObjects: 1.057200 ms)

========================================================================
Received Import Request.
  Time since last request: 734.231771 seconds.
  path: Assets/Editor/LightEditor.cs
  artifactKey: Guid(e739e813c6a7b404da1b7aaf72f38fc5) Importer(815301076,1909f56bfc062723c751e8b465ee728b)
Start importing Assets/Editor/LightEditor.cs using Guid(e739e813c6a7b404da1b7aaf72f38fc5) Importer(815301076,1909f56bfc062723c751e8b465ee728b)  -> (artifact id: 'd70ae8aa2cef27db5a407e9983e48773') in 0.011133 seconds
  Import took 0.023744 seconds .

========================================================================
Received Import Request.
  Time since last request: 0.001209 seconds.
  path: Assets/Editor/LightEditor.cs
  artifactKey: Guid(e739e813c6a7b404da1b7aaf72f38fc5) Importer(815301076,1909f56bfc062723c751e8b465ee728b)
Start importing Assets/Editor/LightEditor.cs using Guid(e739e813c6a7b404da1b7aaf72f38fc5) Importer(815301076,1909f56bfc062723c751e8b465ee728b)  -> (artifact id: 'd70ae8aa2cef27db5a407e9983e48773') in 0.004496 seconds
  Import took 0.009666 seconds .

========================================================================
Received Prepare
Registering precompiled user dll's ...
Registered in 0.002293 seconds.
Begin MonoManager ReloadAssembly
Symbol file LoadedFromMemory doesn't match image E:\Projects\LWRP_Test\Library\PackageCache\com.unity.ext.nunit@1.0.0\net35\unity-custom\nunit.framework.dll
Native extension for WindowsStandalone target not found
Refreshing native plugins compatible for Editor in 0.46 ms, found 0 plugins.
Preloading 0 native plugins for Editor in 0.00 ms.
Invoked RoslynAnalysisRunner static constructor.
RoslynAnalysisRunner will not be running.
RoslynAnalysisRunner has terminated.
Mono: successfully reloaded assembly
- Completed reload, in  1.189 seconds
Platform modules already initialized, skipping
Shader 'Universal Render Pipeline/Particles/Lit': fallback shader 'Universal Render Pipeline/Particles/SimpleLit' not found
Refreshing native plugins compatible for Editor in 0.47 ms, found 0 plugins.
Preloading 0 native plugins for Editor in 0.00 ms.
Unloading 2359 Unused Serialized files (Serialized files now loaded: 0)
System memory in use before: 265.5 MB.
System memory in use after: 263.5 MB.

Unloading 9 unused Assets to reduce memory usage. Loaded Objects now: 3072.
Total: 3.179500 ms (FindLiveObjects: 0.275900 ms CreateObjectMapping: 0.119400 ms MarkObjects: 2.024500 ms  DeleteObjects: 0.758300 ms)

========================================================================
Received Prepare
Registering precompiled user dll's ...
Registered in 0.001626 seconds.
Begin MonoManager ReloadAssembly
Symbol file LoadedFromMemory doesn't match image E:\Projects\LWRP_Test\Library\PackageCache\com.unity.ext.nunit@1.0.0\net35\unity-custom\nunit.framework.dll
Native extension for WindowsStandalone target not found
Refreshing native plugins compatible for Editor in 0.63 ms, found 0 plugins.
Preloading 0 native plugins for Editor in 0.00 ms.
Invoked RoslynAnalysisRunner static constructor.
RoslynAnalysisRunner will not be running.
RoslynAnalysisRunner has terminated.
Mono: successfully reloaded assembly
- Completed reload, in  1.077 seconds
Platform modules already initialized, skipping
Shader 'Universal Render Pipeline/Particles/Lit': fallback shader 'Universal Render Pipeline/Particles/SimpleLit' not found
Refreshing native plugins compatible for Editor in 0.49 ms, found 0 plugins.
Preloading 0 native plugins for Editor in 0.00 ms.
Unloading 2359 Unused Serialized files (Serialized files now loaded: 0)
System memory in use before: 265.4 MB.
System memory in use after: 263.4 MB.

Unloading 9 unused Assets to reduce memory usage. Loaded Objects now: 3074.
Total: 3.640000 ms (FindLiveObjects: 0.277200 ms CreateObjectMapping: 0.141500 ms MarkObjects: 2.335300 ms  DeleteObjects: 0.884200 ms)

========================================================================
Received Prepare
Registering precompiled user dll's ...
Registered in 0.001607 seconds.
Begin MonoManager ReloadAssembly
Symbol file LoadedFromMemory doesn't match image E:\Projects\LWRP_Test\Library\PackageCache\com.unity.ext.nunit@1.0.0\net35\unity-custom\nunit.framework.dll
Native extension for WindowsStandalone target not found
Refreshing native plugins compatible for Editor in 0.45 ms, found 0 plugins.
Preloading 0 native plugins for Editor in 0.00 ms.
Invoked RoslynAnalysisRunner static constructor.
RoslynAnalysisRunner will not be running.
RoslynAnalysisRunner has terminated.
Mono: successfully reloaded assembly
- Completed reload, in  1.028 seconds
Platform modules already initialized, skipping
Shader 'Universal Render Pipeline/Particles/Lit': fallback shader 'Universal Render Pipeline/Particles/SimpleLit' not found
Refreshing native plugins compatible for Editor in 0.49 ms, found 0 plugins.
Preloading 0 native plugins for Editor in 0.00 ms.
Unloading 2359 Unused Serialized files (Serialized files now loaded: 0)
System memory in use before: 265.5 MB.
System memory in use after: 263.5 MB.

Unloading 9 unused Assets to reduce memory usage. Loaded Objects now: 3076.
Total: 3.142100 ms (FindLiveObjects: 0.242900 ms CreateObjectMapping: 0.115900 ms MarkObjects: 1.829800 ms  DeleteObjects: 0.952400 ms)

========================================================================
Received Prepare
Registering precompiled user dll's ...
Registered in 0.001825 seconds.
Begin MonoManager ReloadAssembly
Symbol file LoadedFromMemory doesn't match image E:\Projects\LWRP_Test\Library\PackageCache\com.unity.ext.nunit@1.0.0\net35\unity-custom\nunit.framework.dll
Native extension for WindowsStandalone target not found
Refreshing native plugins compatible for Editor in 0.48 ms, found 0 plugins.
Preloading 0 native plugins for Editor in 0.00 ms.
Invoked RoslynAnalysisRunner static constructor.
RoslynAnalysisRunner will not be running.
RoslynAnalysisRunner has terminated.
Mono: successfully reloaded assembly
- Completed reload, in  1.045 seconds
Platform modules already initialized, skipping
Shader 'Universal Render Pipeline/Particles/Lit': fallback shader 'Universal Render Pipeline/Particles/SimpleLit' not found
Refreshing native plugins compatible for Editor in 0.44 ms, found 0 plugins.
Preloading 0 native plugins for Editor in 0.00 ms.
Unloading 2359 Unused Serialized files (Serialized files now loaded: 0)
System memory in use before: 265.5 MB.
System memory in use after: 263.5 MB.

Unloading 9 unused Assets to reduce memory usage. Loaded Objects now: 3078.
Total: 3.224200 ms (FindLiveObjects: 0.396300 ms CreateObjectMapping: 0.182200 ms MarkObjects: 1.941400 ms  DeleteObjects: 0.703100 ms)

========================================================================
Received Prepare
Registering precompiled user dll's ...
Registered in 0.002281 seconds.
Begin MonoManager ReloadAssembly
Symbol file LoadedFromMemory doesn't match image E:\Projects\LWRP_Test\Library\PackageCache\com.unity.ext.nunit@1.0.0\net35\unity-custom\nunit.framework.dll
Native extension for WindowsStandalone target not found
Refreshing native plugins compatible for Editor in 0.44 ms, found 0 plugins.
Preloading 0 native plugins for Editor in 0.00 ms.
Invoked RoslynAnalysisRunner static constructor.
RoslynAnalysisRunner will not be running.
RoslynAnalysisRunner has terminated.
Mono: successfully reloaded assembly
- Completed reload, in  1.031 seconds
Platform modules already initialized, skipping
Shader 'Universal Render Pipeline/Particles/Lit': fallback shader 'Universal Render Pipeline/Particles/SimpleLit' not found
Refreshing native plugins compatible for Editor in 0.59 ms, found 0 plugins.
Preloading 0 native plugins for Editor in 0.00 ms.
Unloading 2359 Unused Serialized files (Serialized files now loaded: 0)
System memory in use before: 265.5 MB.
System memory in use after: 263.5 MB.

Unloading 9 unused Assets to reduce memory usage. Loaded Objects now: 3080.
Total: 3.029000 ms (FindLiveObjects: 0.274500 ms CreateObjectMapping: 0.147600 ms MarkObjects: 1.882300 ms  DeleteObjects: 0.723600 ms)

========================================================================
Received Prepare
Registering precompiled user dll's ...
Registered in 0.001705 seconds.
Begin MonoManager ReloadAssembly
Symbol file LoadedFromMemory doesn't match image E:\Projects\LWRP_Test\Library\PackageCache\com.unity.ext.nunit@1.0.0\net35\unity-custom\nunit.framework.dll
Native extension for WindowsStandalone target not found
Refreshing native plugins compatible for Editor in 0.59 ms, found 0 plugins.
Preloading 0 native plugins for Editor in 0.00 ms.
Invoked RoslynAnalysisRunner static constructor.
RoslynAnalysisRunner will not be running.
RoslynAnalysisRunner has terminated.
Mono: successfully reloaded assembly
- Completed reload, in  1.165 seconds
Platform modules already initialized, skipping
Shader 'Universal Render Pipeline/Particles/Lit': fallback shader 'Universal Render Pipeline/Particles/SimpleLit' not found
Refreshing native plugins compatible for Editor in 0.50 ms, found 0 plugins.
Preloading 0 native plugins for Editor in 0.00 ms.
Unloading 2359 Unused Serialized files (Serialized files now loaded: 0)
System memory in use before: 265.6 MB.
System memory in use after: 263.6 MB.

Unloading 9 unused Assets to reduce memory usage. Loaded Objects now: 3082.
Total: 3.182500 ms (FindLiveObjects: 0.263400 ms CreateObjectMapping: 0.130800 ms MarkObjects: 1.976500 ms  DeleteObjects: 0.810800 ms)

========================================================================
Received Prepare
Registering precompiled user dll's ...
Registered in 0.002354 seconds.
Begin MonoManager ReloadAssembly
Symbol file LoadedFromMemory doesn't match image E:\Projects\LWRP_Test\Library\PackageCache\com.unity.ext.nunit@1.0.0\net35\unity-custom\nunit.framework.dll
Native extension for WindowsStandalone target not found
Refreshing native plugins compatible for Editor in 0.48 ms, found 0 plugins.
Preloading 0 native plugins for Editor in 0.00 ms.
Invoked RoslynAnalysisRunner static constructor.
RoslynAnalysisRunner will not be running.
RoslynAnalysisRunner has terminated.
Mono: successfully reloaded assembly
- Completed reload, in  1.044 seconds
Platform modules already initialized, skipping
Shader 'Universal Render Pipeline/Particles/Lit': fallback shader 'Universal Render Pipeline/Particles/SimpleLit' not found
Refreshing native plugins compatible for Editor in 0.49 ms, found 0 plugins.
Preloading 0 native plugins for Editor in 0.00 ms.
Unloading 2359 Unused Serialized files (Serialized files now loaded: 0)
System memory in use before: 265.4 MB.
System memory in use after: 263.5 MB.

Unloading 9 unused Assets to reduce memory usage. Loaded Objects now: 3084.
Total: 3.134500 ms (FindLiveObjects: 0.298100 ms CreateObjectMapping: 0.143000 ms MarkObjects: 1.995100 ms  DeleteObjects: 0.697000 ms)

========================================================================
Received Prepare
Registering precompiled user dll's ...
Registered in 0.002155 seconds.
Begin MonoManager ReloadAssembly
Symbol file LoadedFromMemory doesn't match image E:\Projects\LWRP_Test\Library\PackageCache\com.unity.ext.nunit@1.0.0\net35\unity-custom\nunit.framework.dll
Native extension for WindowsStandalone target not found
Refreshing native plugins compatible for Editor in 0.49 ms, found 0 plugins.
Preloading 0 native plugins for Editor in 0.00 ms.
Invoked RoslynAnalysisRunner static constructor.
RoslynAnalysisRunner will not be running.
RoslynAnalysisRunner has terminated.
Mono: successfully reloaded assembly
- Completed reload, in  1.120 seconds
Platform modules already initialized, skipping
Shader 'Universal Render Pipeline/Particles/Lit': fallback shader 'Universal Render Pipeline/Particles/SimpleLit' not found
Refreshing native plugins compatible for Editor in 0.47 ms, found 0 plugins.
Preloading 0 native plugins for Editor in 0.00 ms.
Unloading 2359 Unused Serialized files (Serialized files now loaded: 0)
System memory in use before: 265.6 MB.
System memory in use after: 263.6 MB.

Unloading 9 unused Assets to reduce memory usage. Loaded Objects now: 3086.
Total: 3.014100 ms (FindLiveObjects: 0.282900 ms CreateObjectMapping: 0.144100 ms MarkObjects: 1.854600 ms  DeleteObjects: 0.730900 ms)

========================================================================
Received Prepare
Registering precompiled user dll's ...
Registered in 0.002314 seconds.
Begin MonoManager ReloadAssembly
Symbol file LoadedFromMemory doesn't match image E:\Projects\LWRP_Test\Library\PackageCache\com.unity.ext.nunit@1.0.0\net35\unity-custom\nunit.framework.dll
Native extension for WindowsStandalone target not found
Refreshing native plugins compatible for Editor in 0.49 ms, found 0 plugins.
Preloading 0 native plugins for Editor in 0.00 ms.
Invoked RoslynAnalysisRunner static constructor.
RoslynAnalysisRunner will not be running.
RoslynAnalysisRunner has terminated.
Mono: successfully reloaded assembly
- Completed reload, in  1.069 seconds
Platform modules already initialized, skipping
Shader 'Universal Render Pipeline/Particles/Lit': fallback shader 'Universal Render Pipeline/Particles/SimpleLit' not found
Refreshing native plugins compatible for Editor in 0.49 ms, found 0 plugins.
Preloading 0 native plugins for Editor in 0.00 ms.
Unloading 2359 Unused Serialized files (Serialized files now loaded: 0)
System memory in use before: 265.5 MB.
System memory in use after: 263.6 MB.

Unloading 9 unused Assets to reduce memory usage. Loaded Objects now: 3088.
Total: 3.036400 ms (FindLiveObjects: 0.259800 ms CreateObjectMapping: 0.117600 ms MarkObjects: 1.856500 ms  DeleteObjects: 0.801100 ms)

========================================================================
Received Import Request.
  Time since last request: 81320.778955 seconds.
  path: Assets/LightEditor.cs
  artifactKey: Guid(e739e813c6a7b404da1b7aaf72f38fc5) Importer(815301076,1909f56bfc062723c751e8b465ee728b)
Start importing Assets/LightEditor.cs using Guid(e739e813c6a7b404da1b7aaf72f38fc5) Importer(815301076,1909f56bfc062723c751e8b465ee728b)  -> (artifact id: '12d5e8ff64f7f746f71be08bfe7efad2') in 3.031208 seconds
  Import took 6.526633 seconds .

========================================================================
Received Import Request.
  Time since last request: 0.007728 seconds.
  path: Assets/Shader
  artifactKey: Guid(21c7da2e8aee932409888dc51a183589) Importer(815301076,1909f56bfc062723c751e8b465ee728b)
Start importing Assets/Shader using Guid(21c7da2e8aee932409888dc51a183589) Importer(815301076,1909f56bfc062723c751e8b465ee728b)  -> (artifact id: '64572fcb80b89cb5e8f9369df28da66f') in 0.071693 seconds
  Import took 0.114060 seconds .

========================================================================
Received Import Request.
  Time since last request: 0.000754 seconds.
  path: Assets/SSAO
  artifactKey: Guid(95a3a7924c9391148aacb9dd2dcab85e) Importer(815301076,1909f56bfc062723c751e8b465ee728b)
Start importing Assets/SSAO using Guid(95a3a7924c9391148aacb9dd2dcab85e) Importer(815301076,1909f56bfc062723c751e8b465ee728b)  -> (artifact id: '7e39995662b8528b0beb07100bcd27b0') in 0.085400 seconds
  Import took 0.140595 seconds .

